This is pdfTeX, Version 3.1415926-1.40.10 (TeX Live 2009/Debian) (format=pdflatex 2012.9.9)  11 MAY 2015 20:46
entering extended mode
 %&-line parsing enabled.
**writeup.tex
(./writeup.tex
LaTeX2e <2009/09/24>
Babel <v3.8l> and hyphenation patterns for english, usenglishmax, dumylang, noh
yphenation, loaded.
(/usr/share/texmf-texlive/tex/latex/base/article.cls
Document Class: article 2007/10/19 v1.4h Standard LaTeX document class
(/usr/share/texmf-texlive/tex/latex/base/size11.clo
File: size11.clo 2007/10/19 v1.4h Standard LaTeX file (size option)
)
\c@part=\count79
\c@section=\count80
\c@subsection=\count81
\c@subsubsection=\count82
\c@paragraph=\count83
\c@subparagraph=\count84
\c@figure=\count85
\c@table=\count86
\abovecaptionskip=\skip41
\belowcaptionskip=\skip42
\bibindent=\dimen102
)
(/usr/share/texmf-texlive/tex/latex/amsmath/amsmath.sty
Package: amsmath 2000/07/18 v2.13 AMS math features
\@mathmargin=\skip43

For additional information on amsmath, use the `?' option.
(/usr/share/texmf-texlive/tex/latex/amsmath/amstext.sty
Package: amstext 2000/06/29 v2.01

(/usr/share/texmf-texlive/tex/latex/amsmath/amsgen.sty
File: amsgen.sty 1999/11/30 v2.0
\@emptytoks=\toks14
\ex@=\dimen103
))
(/usr/share/texmf-texlive/tex/latex/amsmath/amsbsy.sty
Package: amsbsy 1999/11/29 v1.2d
\pmbraise@=\dimen104
)
(/usr/share/texmf-texlive/tex/latex/amsmath/amsopn.sty
Package: amsopn 1999/12/14 v2.01 operator names
)
\inf@bad=\count87
LaTeX Info: Redefining \frac on input line 211.
\uproot@=\count88
\leftroot@=\count89
LaTeX Info: Redefining \overline on input line 307.
\classnum@=\count90
\DOTSCASE@=\count91
LaTeX Info: Redefining \ldots on input line 379.
LaTeX Info: Redefining \dots on input line 382.
LaTeX Info: Redefining \cdots on input line 467.
\Mathstrutbox@=\box26
\strutbox@=\box27
\big@size=\dimen105
LaTeX Font Info:    Redeclaring font encoding OML on input line 567.
LaTeX Font Info:    Redeclaring font encoding OMS on input line 568.
\macc@depth=\count92
\c@MaxMatrixCols=\count93
\dotsspace@=\muskip10
\c@parentequation=\count94
\dspbrk@lvl=\count95
\tag@help=\toks15
\row@=\count96
\column@=\count97
\maxfields@=\count98
\andhelp@=\toks16
\eqnshift@=\dimen106
\alignsep@=\dimen107
\tagshift@=\dimen108
\tagwidth@=\dimen109
\totwidth@=\dimen110
\lineht@=\dimen111
\@envbody=\toks17
\multlinegap=\skip44
\multlinetaggap=\skip45
\mathdisplay@stack=\toks18
LaTeX Info: Redefining \[ on input line 2666.
LaTeX Info: Redefining \] on input line 2667.
)
(/usr/share/texmf-texlive/tex/latex/amsfonts/amssymb.sty
Package: amssymb 2009/06/22 v3.00

(/usr/share/texmf-texlive/tex/latex/amsfonts/amsfonts.sty
Package: amsfonts 2009/06/22 v3.00 Basic AMSFonts support
\symAMSa=\mathgroup4
\symAMSb=\mathgroup5
LaTeX Font Info:    Overwriting math alphabet `\mathfrak' in version `bold'
(Font)                  U/euf/m/n --> U/euf/b/n on input line 96.
))
(/usr/share/texmf-texlive/tex/latex/fancyhdr/fancyhdr.sty
\fancy@headwidth=\skip46
\f@ncyO@elh=\skip47
\f@ncyO@erh=\skip48
\f@ncyO@olh=\skip49
\f@ncyO@orh=\skip50
\f@ncyO@elf=\skip51
\f@ncyO@erf=\skip52
\f@ncyO@olf=\skip53
\f@ncyO@orf=\skip54
)
(/usr/share/texmf-texlive/tex/latex/tools/enumerate.sty
Package: enumerate 1999/03/05 v3.00 enumerate extensions (DPC)
\@enLab=\toks19
)
(/usr/share/texmf-texlive/tex/latex/graphics/graphicx.sty
Package: graphicx 1999/02/16 v1.0f Enhanced LaTeX Graphics (DPC,SPQR)

(/usr/share/texmf-texlive/tex/latex/graphics/keyval.sty
Package: keyval 1999/03/16 v1.13 key=value parser (DPC)
\KV@toks@=\toks20
)
(/usr/share/texmf-texlive/tex/latex/graphics/graphics.sty
Package: graphics 2009/02/05 v1.0o Standard LaTeX Graphics (DPC,SPQR)

(/usr/share/texmf-texlive/tex/latex/graphics/trig.sty
Package: trig 1999/03/16 v1.09 sin cos tan (DPC)
)
(/etc/texmf/tex/latex/config/graphics.cfg
File: graphics.cfg 2009/08/28 v1.8 graphics configuration of TeX Live
)
Package graphics Info: Driver file: pdftex.def on input line 91.

(/usr/share/texmf-texlive/tex/latex/pdftex-def/pdftex.def
File: pdftex.def 2010/03/12 v0.04p Graphics/color for pdfTeX
\Gread@gobject=\count99
))
\Gin@req@height=\dimen112
\Gin@req@width=\dimen113
) (./writeup.aux)
\openout1 = `writeup.aux'.

LaTeX Font Info:    Checking defaults for OML/cmm/m/it on input line 34.
LaTeX Font Info:    ... okay on input line 34.
LaTeX Font Info:    Checking defaults for T1/cmr/m/n on input line 34.
LaTeX Font Info:    ... okay on input line 34.
LaTeX Font Info:    Checking defaults for OT1/cmr/m/n on input line 34.
LaTeX Font Info:    ... okay on input line 34.
LaTeX Font Info:    Checking defaults for OMS/cmsy/m/n on input line 34.
LaTeX Font Info:    ... okay on input line 34.
LaTeX Font Info:    Checking defaults for OMX/cmex/m/n on input line 34.
LaTeX Font Info:    ... okay on input line 34.
LaTeX Font Info:    Checking defaults for U/cmr/m/n on input line 34.
LaTeX Font Info:    ... okay on input line 34.

(/usr/share/texmf-texlive/tex/context/base/supp-pdf.mkii
[Loading MPS to PDF converter (version 2006.09.02).]
\scratchcounter=\count100
\scratchdimen=\dimen114
\scratchbox=\box28
\nofMPsegments=\count101
\nofMParguments=\count102
\everyMPshowfont=\toks21
\MPscratchCnt=\count103
\MPscratchDim=\dimen115
\MPnumerator=\count104
\everyMPtoPDFconversion=\toks22
)
Underfull \hbox (badness 10000) in paragraph at lines 52--53

 []


Underfull \hbox (badness 10000) in paragraph at lines 54--56

 []

<images/Lattice2.png, id=1, 1003.75pt x 1003.75pt>
File: images/Lattice2.png Graphic file (type png)
 <use images/Lattice2.png>

Package Fancyhdr Warning: \headheight is too small (12.0pt): 
 Make it at least 13.59999pt.
 We now make it that large for the rest of the document.
 This may cause the page layout to be inconsistent, however.

[1

{/var/lib/texmf/fonts/map/pdftex/updmap/pdftex.map} <./images/Lattice2.png>]
Underfull \hbox (badness 10000) in paragraph at lines 70--71

 []

LaTeX Font Info:    Try loading font information for OMS+cmr on input line 74.
(/usr/share/texmf-texlive/tex/latex/base/omscmr.fd
File: omscmr.fd 1999/05/25 v2.5h Standard LaTeX font definitions
)
LaTeX Font Info:    Font shape `OMS/cmr/m/n' in size <10.95> not available
(Font)              Font shape `OMS/cmsy/m/n' tried instead on input line 74.
LaTeX Font Info:    Try loading font information for U+msa on input line 75.

(/usr/share/texmf-texlive/tex/latex/amsfonts/umsa.fd
File: umsa.fd 2009/06/22 v3.00 AMS symbols A
)
LaTeX Font Info:    Try loading font information for U+msb on input line 75.

(/usr/share/texmf-texlive/tex/latex/amsfonts/umsb.fd
File: umsb.fd 2009/06/22 v3.00 AMS symbols B
)
Underfull \hbox (badness 10000) in paragraph at lines 94--95

 []


Package Fancyhdr Warning: \headheight is too small (13.59999pt): 
 Make it at least 25.2842pt.
 We now make it that large for the rest of the document.
 This may cause the page layout to be inconsistent, however.

[2]
Underfull \hbox (badness 10000) in paragraph at lines 130--131

 []


Underfull \hbox (badness 10000) in paragraph at lines 139--140

 []

[3]
Underfull \hbox (badness 10000) in paragraph at lines 156--157

 []


Underfull \hbox (badness 10000) in paragraph at lines 160--161

 []


Underfull \hbox (badness 10000) in paragraph at lines 174--175

 []


Underfull \hbox (badness 10000) in paragraph at lines 190--191

 []

[4]
Underfull \hbox (badness 10000) in paragraph at lines 209--210

 []


Underfull \hbox (badness 10000) in paragraph at lines 215--216

 []


Underfull \hbox (badness 10000) in paragraph at lines 227--228

 []


Underfull \hbox (badness 10000) in paragraph at lines 229--230

 []

[5]
Overfull \hbox (315.14473pt too wide) in paragraph at lines 251--251
[] 
 []

[6] [7]
Underfull \hbox (badness 10000) in paragraph at lines 291--293

 []

[8] [9]
Underfull \hbox (badness 10000) in paragraph at lines 364--365

 []


Underfull \hbox (badness 10000) in paragraph at lines 370--371

 []


Underfull \hbox (badness 10000) in paragraph at lines 376--377

 []


Underfull \hbox (badness 10000) in paragraph at lines 382--383

 []

[10]
Underfull \hbox (badness 10000) in paragraph at lines 394--395

 []


Underfull \hbox (badness 10000) in paragraph at lines 397--399

 []


Underfull \hbox (badness 10000) in paragraph at lines 402--403

 []


Underfull \hbox (badness 10000) in paragraph at lines 412--413

 []


Underfull \hbox (badness 10000) in paragraph at lines 416--417

 []

[11] [12] [13]
<images/Edge-connected-2D-Lattice.png, id=52, 590.95781pt x 408.77719pt>
File: images/Edge-connected-2D-Lattice.png Graphic file (type png)

<use images/Edge-connected-2D-Lattice.png>
<images/K8.png, id=53, 752.8125pt x 752.8125pt>
File: images/K8.png Graphic file (type png)
 <use images/K8.png>
<images/Lattice1.png, id=54, 1003.75pt x 1003.75pt>
File: images/Lattice1.png Graphic file (type png)
 <use images/Lattice1.png>

LaTeX Warning: `h' float specifier changed to `ht'.

<images/Dense2.png, id=55, 1003.75pt x 1003.75pt>
File: images/Dense2.png Graphic file (type png)
 <use images/Dense2.png>

LaTeX Warning: `h' float specifier changed to `ht'.

<images/UncompressedPath.png, id=56, 249.18094pt x 513.41812pt>
File: images/UncompressedPath.png Graphic file (type png)

<use images/UncompressedPath.png>

LaTeX Warning: `h' float specifier changed to `ht'.

<images/FullPathCompression.png, id=57, 249.18094pt x 513.41812pt>
File: images/FullPathCompression.png Graphic file (type png)

<use images/FullPathCompression.png>

LaTeX Warning: `h' float specifier changed to `ht'.

<images/ContstrainedPathCompression-k2.png, id=58, 249.18094pt x 513.41812pt>
File: images/ContstrainedPathCompression-k2.png Graphic file (type png)

<use images/ContstrainedPathCompression-k2.png>

LaTeX Warning: `h' float specifier changed to `ht'.

<images/ContstrainedPathCompression-k3.png, id=59, 249.18094pt x 513.41812pt>
File: images/ContstrainedPathCompression-k3.png Graphic file (type png)

<use images/ContstrainedPathCompression-k3.png>

LaTeX Warning: `h' float specifier changed to `ht'.

<images/Results-Locking.png, id=60, 885.3075pt x 530.98375pt>
File: images/Results-Locking.png Graphic file (type png)

<use images/Results-Locking.png>

LaTeX Warning: `h' float specifier changed to `ht'.

<images/LockFreeTimings.png, id=61, 631.158pt x 464.33475pt>
File: images/LockFreeTimings.png Graphic file (type png)

<use images/LockFreeTimings.png>

LaTeX Warning: `h' float specifier changed to `ht'.

<images/PerformanceScaling.png, id=62, 922.44624pt x 528.97626pt>
File: images/PerformanceScaling.png Graphic file (type png)

<use images/PerformanceScaling.png>

LaTeX Warning: `h' float specifier changed to `ht'.

[14 <./images/Edge-connected-2D-Lattice.png> <./images/K8.png>] [15 <./images/L
attice1.png> <./images/Dense2.png>] [16 <./images/UncompressedPath.png> <./imag
es/FullPathCompression.png>] [17 <./images/ContstrainedPathCompression-k2.png> 
<./images/ContstrainedPathCompression-k3.png>] [18 <./images/Results-Locking.pn
g (PNG copy)>] [19 <./images/LockFreeTimings.png>] [20 <./images/PerformanceSca
ling.png (PNG copy)>] (./writeup.aux) ) 
Here is how much of TeX's memory you used:
 2030 strings out of 495061
 24927 string characters out of 1182622
 79006 words of memory out of 3000000
 5197 multiletter control sequences out of 15000+50000
 9707 words of font info for 38 fonts, out of 3000000 for 9000
 28 hyphenation exceptions out of 8191
 31i,13n,43p,626b,340s stack positions out of 5000i,500n,10000p,200000b,50000s
</usr/share/texmf-texlive/fonts/type1/pu
blic/amsfonts/cm/cmbx10.pfb></usr/share/texmf-texlive/fonts/type1/public/amsfon
ts/cm/cmmi10.pfb></usr/share/texmf-texlive/fonts/type1/public/amsfonts/cm/cmr10
.pfb></usr/share/texmf-texlive/fonts/type1/public/amsfonts/cm/cmr12.pfb></usr/s
hare/texmf-texlive/fonts/type1/public/amsfonts/cm/cmr8.pfb></usr/share/texmf-te
xlive/fonts/type1/public/amsfonts/cm/cmsy10.pfb></usr/share/texmf-texlive/fonts
/type1/public/amsfonts/cm/cmtt10.pfb>
Output written on writeup.pdf (20 pages, 507015 bytes).
PDF statistics:
 118 PDF objects out of 1000 (max. 8388607)
 0 named destinations out of 1000 (max. 500000)
 61 words of extra memory for PDF output out of 10000 (max. 10000000)

